SF:lib/generated/google/protobuf/timestamp.pb.dart
DA:112,0
DA:116,0
DA:117,0
DA:118,0
DA:122,5
DA:124,0
DA:126,0
DA:127,0
DA:129,0
DA:131,15
DA:135,5
DA:136,5
DA:137,5
DA:139,0
DA:140,0
DA:141,0
DA:143,0
DA:145,5
DA:146,5
DA:148,5
DA:149,5
DA:150,0
DA:151,0
DA:152,0
DA:154,0
DA:160,5
DA:161,5
DA:162,5
DA:163,5
DA:164,0
DA:165,0
DA:166,0
DA:167,0
DA:174,5
DA:175,5
DA:176,5
DA:177,5
DA:178,0
DA:179,0
DA:180,0
DA:181,0
DA:186,5
DA:187,5
DA:188,5
LF:44
LH:20
end_of_record
SF:lib/generated/portfolio_chart.pb.dart
DA:23,1
DA:26,1
DA:27,1
DA:31,1
DA:33,1
DA:35,2
DA:36,0
DA:38,0
DA:40,3
DA:44,1
DA:45,1
DA:47,0
DA:48,0
DA:49,0
DA:51,0
DA:54,1
DA:55,1
DA:57,1
DA:58,1
DA:59,0
DA:60,0
DA:61,0
DA:63,0
DA:66,1
DA:67,1
DA:68,1
DA:69,1
DA:70,1
DA:71,1
DA:72,0
DA:73,0
DA:78,1
DA:81,1
DA:82,2
DA:86,1
DA:88,1
DA:90,2
DA:91,0
DA:93,0
DA:95,3
DA:99,1
DA:101,1
DA:103,0
DA:104,0
DA:105,0
DA:107,0
DA:110,1
DA:111,1
DA:113,1
DA:114,1
DA:115,0
DA:116,0
DA:117,0
DA:119,0
DA:122,1
DA:123,1
DA:128,5
DA:135,5
DA:136,2
DA:137,2
DA:139,2
DA:140,1
DA:141,1
DA:145,5
DA:147,0
DA:149,0
DA:150,0
DA:152,0
DA:154,15
DA:158,5
DA:159,5
DA:160,5
DA:161,5
DA:162,5
DA:163,5
DA:165,0
DA:166,0
DA:167,0
DA:169,0
DA:172,5
DA:173,5
DA:175,5
DA:176,5
DA:177,0
DA:178,0
DA:179,0
DA:181,0
DA:185,5
DA:186,5
DA:187,5
DA:188,5
DA:189,1
DA:190,1
DA:191,0
DA:192,0
DA:193,0
DA:194,0
DA:197,4
DA:198,4
DA:199,5
DA:200,5
DA:201,1
DA:202,1
DA:203,0
DA:204,0
DA:207,4
DA:208,4
DA:209,5
DA:210,5
DA:211,1
DA:212,1
DA:213,0
DA:214,0
DA:217,4
DA:218,4
DA:219,5
DA:220,5
DA:221,1
DA:222,1
DA:223,0
DA:224,0
DA:227,4
DA:228,4
DA:229,5
DA:230,5
DA:231,1
DA:232,1
DA:233,0
DA:234,0
LF:129
LH:83
end_of_record
SF:lib/screens/portfolio_performance/models/portfolio_chart_item.dart
DA:21,8
DA:29,4
DA:30,4
DA:31,8
DA:32,4
DA:33,4
DA:34,4
DA:35,4
DA:39,1
DA:40,1
DA:41,2
DA:42,1
DA:43,1
DA:44,1
DA:45,1
LF:15
LH:15
end_of_record
SF:lib/generated/portfolio_overview.pb.dart
DA:21,2
DA:23,1
DA:25,1
DA:27,2
DA:28,0
DA:30,0
DA:32,3
DA:36,1
DA:38,0
DA:39,0
DA:40,0
DA:42,0
DA:45,1
DA:46,1
DA:48,1
DA:49,1
DA:50,0
DA:51,0
DA:52,0
DA:54,0
DA:60,1
DA:63,1
DA:64,2
DA:68,1
DA:70,1
DA:72,2
DA:73,0
DA:75,0
DA:77,3
DA:81,1
DA:83,1
DA:85,0
DA:86,0
DA:87,0
DA:89,0
DA:92,1
DA:93,1
DA:95,1
DA:96,1
DA:97,0
DA:98,0
DA:99,0
DA:101,0
DA:104,1
DA:105,1
DA:110,4
DA:118,4
DA:119,1
DA:120,1
DA:121,1
DA:122,1
DA:123,1
DA:124,1
DA:128,4
DA:130,0
DA:132,0
DA:133,0
DA:135,0
DA:137,12
DA:141,4
DA:142,4
DA:143,4
DA:144,4
DA:145,4
DA:146,4
DA:147,4
DA:149,0
DA:150,0
DA:151,0
DA:153,0
DA:156,4
DA:157,4
DA:159,4
DA:160,4
DA:161,0
DA:162,0
DA:163,0
DA:165,0
DA:169,4
DA:170,4
DA:171,4
DA:172,4
DA:173,1
DA:174,1
DA:175,0
DA:176,0
DA:179,4
DA:180,4
DA:181,4
DA:182,4
DA:183,1
DA:184,1
DA:185,0
DA:186,0
DA:189,4
DA:190,4
DA:191,4
DA:192,4
DA:193,1
DA:194,1
DA:195,0
DA:196,0
DA:199,3
DA:200,3
DA:201,4
DA:202,4
DA:203,1
DA:204,1
DA:205,0
DA:206,0
DA:209,4
DA:210,4
DA:211,4
DA:212,4
DA:213,1
DA:214,1
DA:215,0
DA:216,0
DA:219,4
DA:220,4
DA:221,4
DA:222,4
DA:223,1
DA:224,1
DA:225,0
DA:226,0
LF:126
LH:82
end_of_record
SF:lib/screens/portfolio_performance/models/portfolio_watchlist_item.dart
DA:11,6
DA:20,3
DA:21,3
DA:22,3
DA:23,3
DA:24,3
DA:25,3
DA:26,3
DA:27,3
DA:31,1
DA:32,1
DA:33,1
DA:34,1
DA:35,1
DA:36,1
DA:37,1
DA:38,1
LF:17
LH:17
end_of_record
SF:lib/screens/portfolio_performance/repository/mock_portfolio_grpc_server.dart
DA:17,6
DA:19,3
DA:22,3
DA:23,3
DA:28,3
DA:29,4
DA:34,3
DA:35,3
DA:36,3
DA:37,3
DA:39,3
DA:42,3
DA:44,3
DA:45,6
DA:49,3
DA:50,6
DA:51,3
DA:52,3
DA:60,1
DA:66,1
DA:68,3
DA:70,1
DA:73,4
DA:74,4
DA:75,4
DA:83,4
DA:87,2
DA:91,2
DA:95,2
DA:99,2
DA:103,2
DA:118,4
DA:119,4
DA:121,2
DA:122,2
DA:123,8
DA:125,2
DA:126,2
DA:127,8
DA:130,2
DA:131,2
DA:132,2
DA:133,2
DA:134,2
DA:135,2
DA:141,2
DA:142,2
DA:143,8
DA:146,2
DA:147,2
DA:148,2
DA:149,2
DA:150,2
DA:151,2
DA:159,2
DA:160,8
DA:166,8
DA:167,8
DA:170,4
DA:174,4
DA:177,4
DA:178,4
DA:179,8
DA:180,12
DA:186,4
DA:189,2
DA:192,2
DA:195,2
DA:198,2
DA:201,2
DA:208,12
DA:213,4
DA:216,2
DA:217,2
DA:218,2
DA:221,2
DA:224,2
DA:232,16
DA:236,4
DA:237,12
DA:240,12
DA:246,4
DA:248,4
DA:249,4
DA:250,4
DA:251,4
DA:252,4
DA:253,4
DA:254,4
DA:265,1
DA:271,1
DA:273,1
DA:275,1
DA:278,3
DA:279,3
DA:282,3
DA:283,3
DA:284,3
DA:285,3
DA:286,3
DA:287,3
DA:288,3
DA:289,3
DA:292,3
DA:293,3
DA:294,3
DA:295,3
DA:296,3
DA:297,3
DA:298,3
DA:299,3
DA:302,3
DA:303,3
DA:304,3
DA:305,3
DA:306,3
DA:307,3
DA:308,3
DA:309,3
DA:312,3
DA:313,3
DA:314,3
DA:315,3
DA:316,3
DA:317,3
DA:318,3
DA:319,3
DA:322,3
DA:323,3
DA:324,3
DA:325,3
DA:326,3
DA:327,3
DA:328,3
DA:329,3
DA:332,3
DA:333,3
DA:334,3
DA:335,3
DA:336,3
DA:337,3
DA:338,3
DA:339,3
DA:342,3
DA:343,3
DA:344,3
DA:345,3
DA:346,3
DA:347,3
DA:348,3
DA:349,3
DA:352,3
DA:353,3
DA:354,3
DA:355,3
DA:356,3
DA:357,3
DA:358,3
DA:359,3
DA:362,3
DA:363,3
DA:364,3
DA:365,3
DA:366,3
DA:367,3
DA:368,3
DA:369,3
DA:372,3
DA:373,3
DA:374,3
DA:375,3
DA:376,3
DA:377,3
DA:378,3
DA:379,3
LF:175
LH:175
end_of_record
SF:lib/theme/app_colors.dart
DA:36,4
DA:57,1
DA:78,1
DA:79,1
DA:80,1
DA:81,1
DA:82,1
DA:83,1
DA:84,1
DA:85,1
DA:86,1
DA:87,1
DA:88,1
DA:89,1
DA:90,1
DA:91,1
DA:92,1
DA:93,1
DA:94,1
DA:95,1
DA:96,1
DA:100,2
DA:105,2
DA:109,2
DA:110,6
DA:111,6
DA:112,6
DA:113,6
DA:114,6
DA:115,6
DA:116,6
DA:117,6
DA:118,6
DA:119,6
DA:120,6
DA:121,6
DA:122,6
DA:123,6
DA:124,6
DA:125,6
DA:126,6
DA:127,6
DA:199,42
DA:204,0
LF:44
LH:43
end_of_record
SF:lib/theme/app_text_styles.dart
DA:41,15
DA:68,0
DA:95,0
DA:96,0
DA:97,0
DA:98,0
DA:99,0
DA:100,0
DA:101,0
DA:102,0
DA:103,0
DA:104,0
DA:105,0
DA:106,0
DA:107,0
DA:108,0
DA:109,0
DA:110,0
DA:111,0
DA:112,0
DA:113,0
DA:114,0
DA:115,0
DA:116,0
DA:117,0
DA:118,0
DA:119,0
DA:123,1
DA:128,1
DA:132,1
DA:133,3
DA:134,3
DA:135,3
DA:136,3
DA:137,3
DA:138,3
DA:139,3
DA:140,3
DA:141,3
DA:142,3
DA:143,3
DA:144,3
DA:145,3
DA:146,3
DA:147,3
DA:148,3
DA:149,3
DA:150,3
DA:151,3
DA:152,3
DA:153,3
DA:154,3
DA:155,3
DA:156,3
DA:161,15
DA:162,15
DA:163,15
DA:167,15
DA:169,15
DA:174,15
DA:179,15
DA:184,15
DA:189,15
DA:194,15
DA:199,15
DA:205,15
DA:211,15
DA:217,15
DA:223,15
DA:229,15
DA:235,15
DA:241,15
DA:247,15
DA:253,15
DA:258,15
DA:263,15
DA:265,15
DA:271,15
DA:276,15
DA:281,15
DA:286,15
DA:291,15
DA:301,2
DA:302,2
DA:303,2
DA:307,2
DA:309,2
DA:314,2
DA:319,2
DA:324,2
DA:329,2
DA:334,2
DA:339,2
DA:345,2
DA:351,2
DA:357,2
DA:363,2
DA:369,2
DA:375,2
DA:381,2
DA:387,2
DA:393,2
DA:398,2
DA:404,2
DA:410,2
DA:415,2
DA:420,2
DA:425,2
DA:430,2
DA:442,30
LF:110
LH:84
end_of_record
SF:lib/theme/app_theme.dart
DA:14,15
DA:16,15
DA:17,15
DA:18,2
DA:19,2
DA:24,15
DA:26,15
DA:27,15
DA:28,15
DA:31,15
DA:35,15
DA:36,15
DA:37,15
DA:38,15
DA:39,15
DA:40,15
DA:41,15
DA:42,15
DA:43,15
DA:44,15
DA:48,15
DA:51,15
DA:52,15
DA:53,15
DA:56,30
DA:57,15
DA:62,15
DA:63,15
DA:65,15
DA:66,15
DA:71,15
DA:72,15
DA:73,15
DA:74,15
DA:75,15
DA:77,15
DA:78,15
DA:84,15
DA:85,15
DA:86,15
DA:87,15
DA:89,30
DA:90,15
DA:91,15
DA:97,15
DA:98,15
DA:99,15
DA:100,15
DA:106,15
DA:107,15
DA:112,15
DA:113,15
DA:118,15
DA:126,2
DA:128,2
DA:129,2
DA:130,2
DA:133,2
DA:137,2
DA:138,2
DA:139,2
DA:140,2
DA:141,2
DA:142,2
DA:143,2
DA:144,2
DA:145,2
DA:146,2
DA:150,2
DA:153,2
DA:154,2
DA:155,2
DA:158,2
DA:159,4
DA:160,2
DA:165,2
DA:166,2
DA:168,2
DA:169,2
DA:170,2
DA:171,2
DA:172,4
DA:179,2
DA:180,2
DA:181,2
DA:182,2
DA:183,2
DA:185,2
DA:186,2
DA:192,2
DA:193,2
DA:194,2
DA:195,2
DA:197,4
DA:198,2
DA:199,2
DA:205,2
DA:206,2
DA:207,2
DA:208,2
DA:214,2
DA:215,2
DA:220,2
DA:221,2
DA:226,2
LF:105
LH:105
end_of_record
SF:lib/utils/utils.dart
DA:8,2
DA:14,4
DA:15,2
DA:16,2
DA:18,6
DA:19,4
DA:22,4
DA:23,2
DA:24,2
DA:31,12
LF:10
LH:10
end_of_record
SF:lib/generated/portfolio_chart.pbgrpc.dart
DA:34,1
DA:37,1
DA:41,2
DA:46,2
DA:47,1
DA:49,2
DA:55,3
DA:57,3
DA:58,6
DA:60,3
DA:63,2
DA:64,2
DA:67,1
DA:69,1
LF:14
LH:14
end_of_record
SF:lib/generated/portfolio_overview.pbgrpc.dart
DA:34,1
DA:37,1
DA:41,2
DA:46,2
DA:47,1
DA:49,2
DA:55,3
DA:57,3
DA:58,3
DA:59,3
DA:61,3
DA:64,1
DA:65,1
DA:66,2
DA:69,1
DA:72,1
LF:16
LH:16
end_of_record
SF:lib/screens/portfolio_performance/models/portfolio_chart_data.dart
DA:7,4
DA:11,1
DA:12,1
DA:13,5
LF:4
LH:4
end_of_record
SF:lib/screens/portfolio_performance/repository/portfolio_chart_api.dart
DA:21,1
DA:23,1
DA:26,1
DA:34,1
DA:37,1
DA:45,1
DA:48,1
DA:51,1
DA:57,1
DA:60,1
DA:64,1
DA:68,2
DA:71,1
DA:73,2
DA:77,1
DA:79,1
DA:80,1
DA:81,1
DA:86,1
DA:88,1
LF:20
LH:20
end_of_record
SF:lib/screens/portfolio_performance/repository/portfolio_chart_repository.dart
DA:15,1
DA:19,1
DA:22,2
DA:23,1
DA:25,2
DA:30,2
DA:34,1
DA:36,2
LF:8
LH:8
end_of_record
SF:lib/utils/amount_formatter.dart
DA:6,3
DA:7,3
DA:9,3
DA:10,1
DA:11,3
DA:13,3
DA:14,6
DA:15,1
DA:17,1
DA:18,2
DA:21,1
DA:22,2
DA:28,7
DA:29,7
DA:30,7
DA:36,5
DA:37,5
DA:38,5
DA:40,20
LF:19
LH:19
end_of_record
SF:lib/screens/portfolio_performance/bloc/bloc/portfolio_performance_bloc.dart
DA:16,1
DA:17,1
DA:18,2
DA:21,1
DA:26,1
DA:27,3
DA:29,1
DA:33,2
DA:34,2
DA:37,1
DA:38,3
DA:44,2
DA:50,1
DA:51,3
DA:59,1
DA:61,2
DA:62,1
LF:17
LH:17
end_of_record
SF:lib/screens/portfolio_performance/models/portfolio_overview_data.dart
DA:7,4
DA:11,1
DA:12,1
DA:13,5
LF:4
LH:4
end_of_record
SF:lib/screens/portfolio_performance/repository/portfolio_overview_api.dart
DA:19,1
DA:21,1
DA:24,1
DA:32,1
DA:35,1
DA:43,1
DA:46,1
DA:49,1
DA:55,1
DA:58,1
DA:60,1
DA:62,2
DA:65,1
DA:67,2
DA:71,1
DA:73,1
DA:74,1
DA:75,1
DA:80,1
DA:82,1
LF:20
LH:20
end_of_record
SF:lib/screens/portfolio_performance/repository/portfolio_overview_repository.dart
DA:15,1
DA:19,1
DA:22,2
DA:23,1
DA:25,2
DA:30,2
DA:34,1
DA:36,2
LF:8
LH:8
end_of_record
SF:lib/screens/portfolio_performance/bloc/bloc/portfolio_overview_bloc.dart
DA:14,1
DA:15,1
DA:16,2
DA:19,1
DA:24,1
DA:25,3
DA:30,2
DA:32,1
DA:33,3
DA:39,2
DA:45,1
DA:46,3
DA:54,1
DA:56,2
DA:57,1
LF:15
LH:15
end_of_record
SF:lib/screens/portfolio_performance/portfolio_performance_screen.dart
DA:16,0
DA:18,1
DA:19,1
DA:23,1
DA:25,1
DA:26,3
DA:27,1
DA:31,3
DA:36,1
DA:39,1
DA:40,1
DA:42,1
DA:43,1
DA:44,1
DA:46,2
DA:47,2
DA:48,1
DA:49,1
DA:51,1
DA:52,1
DA:53,1
DA:54,0
DA:55,0
DA:59,1
DA:61,1
DA:62,1
DA:63,1
DA:64,0
DA:65,0
DA:71,1
DA:72,0
DA:73,0
DA:84,1
DA:85,1
DA:86,1
DA:88,1
DA:91,1
DA:93,1
DA:95,1
DA:97,1
DA:98,2
DA:100,1
DA:102,2
DA:103,1
DA:110,1
DA:112,1
DA:113,1
DA:114,1
DA:115,2
DA:116,1
DA:124,0
DA:125,0
DA:126,0
DA:137,1
DA:141,1
DA:143,1
DA:144,1
DA:146,1
DA:154,1
LF:59
LH:49
end_of_record
SF:lib/screens/portfolio_performance/widgets/portfolio_chart.dart
DA:14,1
DA:16,2
DA:17,2
DA:21,2
DA:23,2
DA:24,2
DA:25,2
DA:26,2
DA:27,2
DA:28,2
DA:29,2
DA:30,2
DA:31,2
DA:32,2
DA:33,7
DA:35,4
DA:40,2
DA:43,2
DA:44,1
DA:45,1
DA:55,2
DA:56,2
DA:62,2
DA:63,2
DA:65,2
DA:66,2
DA:67,2
DA:68,4
DA:73,1
DA:74,1
DA:76,3
DA:77,1
DA:81,1
DA:82,1
DA:85,1
DA:86,1
DA:87,3
DA:88,1
DA:93,1
LF:39
LH:39
end_of_record
SF:lib/screens/portfolio_performance/widgets/portfolio_overview_list.dart
DA:12,1
DA:14,2
DA:16,2
DA:17,2
DA:18,2
DA:19,2
DA:20,1
DA:21,2
DA:22,1
DA:23,2
DA:24,6
DA:25,2
DA:32,2
DA:36,2
DA:37,2
DA:39,2
DA:40,1
DA:41,1
DA:43,1
DA:45,2
DA:46,1
DA:53,2
DA:56,2
DA:57,2
DA:58,2
DA:60,2
DA:61,2
DA:68,1
DA:69,1
DA:71,1
DA:73,1
DA:74,1
DA:75,1
DA:80,1
DA:81,1
DA:83,1
DA:84,1
DA:86,1
DA:88,1
DA:89,1
DA:91,1
DA:94,1
DA:95,1
DA:96,2
LF:44
LH:44
end_of_record
SF:lib/widgets/app_icon_button.dart
DA:13,3
DA:23,3
DA:26,3
DA:30,10
DA:31,7
DA:33,3
DA:34,3
DA:35,3
DA:38,3
DA:42,12
LF:10
LH:10
end_of_record
SF:lib/widgets/dropdown_button.dart
DA:21,2
DA:29,2
DA:31,2
DA:32,2
DA:34,2
DA:35,2
DA:36,2
DA:37,2
DA:39,2
DA:41,2
DA:42,6
DA:43,4
DA:44,2
DA:51,2
DA:53,2
DA:62,1
DA:63,1
DA:65,1
DA:69,2
DA:70,1
DA:71,1
DA:77,1
DA:79,1
DA:81,1
DA:85,1
DA:86,1
DA:87,1
DA:91,1
DA:92,1
DA:94,2
DA:96,1
DA:97,2
DA:98,2
DA:100,1
DA:101,2
DA:103,1
DA:104,2
DA:105,1
DA:111,4
LF:39
LH:39
end_of_record
SF:lib/widgets/quick_theme_switcher.dart
DA:9,1
DA:11,2
DA:13,2
DA:14,2
DA:15,2
DA:16,4
DA:18,2
DA:19,1
DA:20,3
DA:22,2
DA:23,2
DA:25,2
LF:12
LH:12
end_of_record
SF:lib/screens/portfolio_performance/widgets/chart_date_tooltip.dart
DA:10,1
DA:15,1
DA:17,1
DA:18,1
DA:19,1
DA:20,3
DA:22,1
DA:24,1
DA:25,1
DA:26,1
DA:27,1
DA:28,2
DA:31,1
DA:32,1
DA:33,1
DA:39,1
DA:41,2
DA:42,1
LF:18
LH:18
end_of_record
SF:lib/screens/portfolio_performance/widgets/chart_details_card.dart
DA:12,4
DA:18,4
DA:20,4
DA:21,4
DA:23,4
DA:25,4
DA:28,4
DA:29,12
DA:31,8
DA:37,4
DA:43,4
DA:45,4
DA:46,4
DA:48,4
DA:49,4
DA:51,4
DA:55,4
DA:57,4
DA:62,4
DA:67,4
DA:75,4
DA:81,8
DA:82,5
DA:84,8
DA:86,4
DA:88,4
DA:90,4
DA:91,4
DA:92,4
DA:95,4
DA:97,4
DA:98,12
DA:99,4
DA:103,4
DA:105,4
DA:106,4
DA:108,8
DA:120,4
DA:123,4
DA:124,8
DA:127,4
DA:129,4
DA:130,4
DA:131,20
DA:132,8
LF:45
LH:45
end_of_record
SF:lib/screens/portfolio_performance/widgets/chart_widget.dart
DA:22,3
DA:31,3
DA:32,3
DA:39,3
DA:41,3
DA:42,3
DA:45,3
DA:47,3
DA:48,12
DA:49,3
DA:53,3
DA:54,9
DA:55,6
DA:56,15
DA:61,3
DA:63,3
DA:64,3
DA:66,9
DA:70,18
DA:71,15
DA:72,3
DA:74,24
DA:75,24
DA:78,3
DA:79,7
DA:80,3
DA:81,3
DA:83,3
DA:85,3
DA:87,3
DA:89,18
DA:90,3
DA:91,3
DA:92,3
DA:93,12
DA:94,3
DA:98,3
DA:101,3
DA:102,3
DA:104,3
DA:106,3
DA:108,3
DA:109,3
DA:111,15
DA:114,3
DA:116,0
DA:117,0
DA:118,0
DA:120,0
DA:121,0
DA:122,0
DA:123,0
DA:124,0
DA:127,0
DA:128,0
DA:129,0
DA:130,0
DA:131,0
DA:132,0
DA:135,0
DA:136,0
DA:142,3
DA:143,6
DA:147,4
DA:148,1
DA:149,1
DA:150,1
DA:152,1
DA:154,1
DA:156,0
DA:157,0
DA:159,0
DA:161,0
DA:166,3
DA:168,3
DA:169,1
DA:172,1
DA:174,3
DA:178,3
DA:182,12
DA:183,3
DA:184,3
DA:185,6
DA:190,3
DA:192,3
DA:193,3
DA:197,6
DA:198,6
DA:199,3
DA:202,9
DA:203,3
DA:204,3
DA:205,3
DA:207,9
DA:218,9
DA:223,9
DA:230,6
DA:231,6
DA:232,6
DA:233,3
DA:236,3
DA:238,9
DA:240,6
DA:242,9
DA:243,9
DA:249,9
DA:251,9
DA:253,6
DA:255,9
DA:256,9
DA:262,3
DA:263,9
DA:264,3
DA:270,3
DA:272,6
DA:282,3
DA:283,3
DA:284,3
DA:288,3
DA:292,3
DA:294,3
DA:297,3
DA:298,6
DA:299,6
DA:309,3
DA:310,0
DA:311,0
DA:312,0
DA:313,0
DA:316,0
DA:317,0
DA:318,0
DA:325,0
DA:328,0
DA:329,0
DA:331,0
DA:335,0
DA:337,0
LF:138
LH:105
end_of_record
SF:lib/widgets/skeletonizer.dart
DA:11,4
DA:19,4
DA:21,4
DA:23,4
DA:24,4
DA:25,4
DA:26,8
DA:27,4
DA:28,4
DA:29,4
DA:31,4
LF:11
LH:11
end_of_record
SF:lib/screens/portfolio_performance/widgets/portfolio_overview_list_item.dart
DA:10,3
DA:15,3
DA:17,3
DA:18,3
DA:19,9
DA:20,4
DA:22,3
DA:24,3
DA:25,3
DA:27,3
DA:30,3
DA:31,3
DA:34,3
DA:37,3
DA:42,3
DA:43,3
DA:45,3
DA:46,3
DA:47,3
DA:48,3
DA:49,3
DA:50,6
DA:51,6
DA:59,3
DA:60,6
DA:61,6
DA:62,3
DA:68,3
DA:69,12
DA:70,6
DA:71,3
DA:79,3
DA:81,3
DA:83,3
DA:84,9
DA:85,6
DA:91,3
DA:93,3
DA:95,6
DA:96,9
DA:97,9
DA:98,6
DA:106,6
DA:107,9
DA:108,9
DA:109,6
LF:46
LH:46
end_of_record
SF:lib/theme/theme_bloc.dart
DA:15,3
DA:23,1
DA:24,1
DA:25,1
DA:27,1
DA:30,2
DA:33,1
DA:34,2
DA:35,1
DA:39,1
DA:40,1
DA:42,1
LF:12
LH:12
end_of_record
SF:lib/widgets/gradient_border_container.dart
DA:6,3
DA:8,3
DA:10,3
DA:12,3
DA:13,3
DA:14,3
DA:15,3
DA:16,3
DA:17,3
DA:18,6
DA:25,3
DA:27,3
DA:28,3
DA:29,3
DA:31,3
LF:15
LH:15
end_of_record
SF:lib/widgets/selectable_card_item.dart
DA:10,2
DA:17,2
DA:19,2
DA:20,2
DA:22,2
DA:23,2
DA:24,2
DA:27,2
DA:28,2
DA:29,4
DA:30,2
DA:31,2
DA:32,2
DA:33,2
DA:34,2
DA:35,4
DA:36,2
DA:39,2
DA:40,2
DA:41,2
DA:42,2
DA:43,2
DA:44,4
DA:45,6
DA:46,2
DA:50,2
DA:51,2
DA:53,2
LF:28
LH:28
end_of_record
SF:lib/screens/portfolio_performance/bloc/bloc/portfolio_performance_state.dart
LF:0
LH:0
end_of_record
SF:lib/screens/portfolio_performance/bloc/bloc/portfolio_performance_event.dart
LF:0
LH:0
end_of_record
SF:lib/screens/portfolio_performance/bloc/bloc/portfolio_overview_state.dart
LF:0
LH:0
end_of_record
SF:lib/screens/portfolio_performance/bloc/bloc/portfolio_overview_event.dart
LF:0
LH:0
end_of_record
